SF:lib/core/network/apis_helper.g.dart
DA:12,1
DA:16,1
DA:23,1
DA:29,1
DA:33,1
DA:35,1
DA:36,3
DA:41,1
DA:42,2
DA:47,1
DA:48,1
DA:49,3
DA:50,1
DA:52,0
DA:56,1
DA:57,1
DA:58,2
DA:59,2
DA:60,1
DA:61,0
DA:63,1
DA:69,1
DA:73,2
DA:77,1
DA:79,1
DA:80,1
DA:83,0
LF:27
LH:24
end_of_record
SF:lib/weather_list/bloc/weather_list_cubit.dart
DA:7,4
DA:9,2
DA:13,8
DA:15,2
DA:17,4
DA:18,4
DA:22,4
DA:25,8
DA:27,2
LF:9
LH:9
end_of_record
SF:lib/weather_list/models/weather_response.dart
DA:16,2
DA:18,0
DA:19,0
DA:20,0
LF:4
LH:1
end_of_record
SF:lib/weather_list/models/weather_response.g.dart
DA:9,0
DA:10,0
DA:11,0
DA:12,0
DA:13,0
DA:14,0
DA:15,0
DA:16,0
DA:17,0
DA:19,0
DA:22,0
DA:23,0
DA:24,0
DA:25,0
DA:26,0
DA:27,0
DA:28,0
LF:17
LH:0
end_of_record
SF:lib/weather_list/models/city.dart
DA:13,0
DA:15,0
DA:16,0
LF:3
LH:0
end_of_record
SF:lib/weather_list/models/city.g.dart
DA:9,0
DA:10,0
DA:11,0
DA:12,0
DA:14,0
DA:17,0
DA:18,0
DA:19,0
DA:20,0
LF:9
LH:0
end_of_record
SF:lib/weather_list/models/coord.dart
DA:10,0
DA:12,0
DA:13,0
LF:3
LH:0
end_of_record
SF:lib/weather_list/models/coord.g.dart
DA:9,0
DA:10,0
DA:11,0
DA:14,0
DA:15,0
DA:16,0
LF:6
LH:0
end_of_record
SF:lib/weather_list/models/main.dart
DA:9,1
DA:11,0
DA:12,0
LF:3
LH:1
end_of_record
SF:lib/weather_list/models/main.g.dart
DA:9,0
DA:10,0
DA:13,0
DA:14,0
LF:4
LH:0
end_of_record
SF:lib/weather_list/models/weather.dart
DA:12,1
DA:14,0
DA:15,0
DA:16,0
LF:4
LH:1
end_of_record
SF:lib/weather_list/models/weather.g.dart
DA:9,0
DA:10,0
DA:11,0
DA:12,0
DA:13,0
DA:16,0
DA:17,0
DA:18,0
DA:19,0
DA:20,0
LF:10
LH:0
end_of_record
SF:lib/weather_list/models/weather_details.dart
DA:14,1
DA:16,0
DA:17,0
DA:18,0
LF:4
LH:1
end_of_record
SF:lib/weather_list/models/weather_details.g.dart
DA:9,0
DA:10,0
DA:12,0
DA:13,0
DA:14,0
DA:15,0
DA:16,0
DA:19,0
DA:20,0
DA:21,0
DA:22,0
DA:23,0
LF:12
LH:0
end_of_record
SF:lib/weather_list/page/weather_list_page.dart
DA:11,1
DA:13,1
DA:17,1
DA:18,2
DA:19,1
DA:20,2
DA:21,1
DA:22,1
DA:24,2
DA:29,1
DA:30,1
DA:31,2
DA:34,1
DA:35,1
DA:36,0
DA:37,0
DA:38,0
DA:39,0
DA:40,0
DA:42,0
DA:45,0
LF:21
LH:14
end_of_record
SF:lib/core/extensions/date_extension.dart
DA:4,3
LF:1
LH:1
end_of_record
SF:lib/core/extensions/int_extension.dart
DA:2,1
DA:3,2
LF:2
LH:2
end_of_record
SF:lib/core/extensions/temp_extension.dart
DA:2,4
LF:1
LH:1
end_of_record
SF:lib/weather_list/widgets/weather_item.dart
DA:12,1
DA:15,1
DA:17,1
DA:18,1
DA:19,1
DA:20,1
DA:21,1
DA:22,4
DA:23,3
DA:24,2
LF:10
LH:10
end_of_record
SF:lib/weather_list/widgets/weather_icon.dart
DA:6,0
DA:8,0
DA:11,0
DA:14,0
LF:4
LH:0
end_of_record
SF:lib/login/bloc/login_cubit.dart
DA:7,4
DA:9,1
DA:10,4
DA:14,1
DA:15,1
DA:16,3
LF:6
LH:6
end_of_record
SF:lib/login/page/login_page.dart
DA:10,1
DA:12,1
DA:13,1
DA:20,1
DA:22,1
DA:23,2
DA:24,2
DA:27,1
DA:29,1
DA:30,2
DA:31,2
DA:34,1
DA:35,1
DA:36,2
DA:37,1
DA:38,0
DA:39,0
DA:45,0
DA:46,0
DA:47,0
DA:49,1
DA:50,2
DA:54,1
DA:55,1
DA:57,1
DA:59,0
DA:60,0
DA:61,0
DA:65,1
DA:66,1
DA:68,1
DA:69,1
DA:72,1
DA:74,1
DA:75,1
DA:76,1
DA:100,1
DA:101,1
LF:38
LH:30
end_of_record
SF:lib/login/widgets/login_button.dart
DA:7,2
DA:10,2
DA:12,2
DA:13,2
DA:14,2
DA:22,2
DA:24,2
DA:25,2
DA:26,2
LF:9
LH:9
end_of_record
