SF:lib/core/network/apis_helper.g.dart
DA:12,1
DA:16,1
DA:23,1
DA:29,1
DA:33,1
DA:35,1
DA:36,3
DA:41,1
DA:42,2
DA:47,1
DA:48,1
DA:49,3
DA:50,1
DA:52,0
DA:56,1
DA:57,1
DA:58,2
DA:59,2
DA:60,1
DA:61,0
DA:63,1
DA:69,1
DA:73,2
DA:77,1
DA:79,1
DA:80,1
DA:83,0
LF:27
LH:24
end_of_record
SF:lib/weather_list/bloc/weather_list_cubit.dart
DA:12,4
DA:14,2
DA:15,8
DA:17,4
DA:18,2
DA:19,10
DA:21,6
DA:22,4
DA:26,8
DA:29,8
DA:31,2
LF:11
LH:11
end_of_record
SF:lib/weather_list/models/main.dart
DA:10,2
DA:12,0
DA:13,0
DA:15,1
DA:16,2
DA:18,1
LF:6
LH:4
end_of_record
SF:lib/weather_list/models/main.g.dart
DA:9,0
DA:10,0
DA:13,0
DA:14,0
LF:4
LH:0
end_of_record
SF:lib/weather_list/models/weather.dart
DA:13,2
DA:19,0
DA:20,0
DA:21,0
DA:23,1
DA:24,5
DA:26,1
LF:7
LH:4
end_of_record
SF:lib/weather_list/models/weather.g.dart
DA:9,0
DA:10,0
DA:11,0
DA:12,0
DA:13,0
DA:16,0
DA:17,0
DA:18,0
DA:19,0
DA:20,0
LF:10
LH:0
end_of_record
SF:lib/weather_list/models/weather_details.dart
DA:15,2
DA:18,0
DA:19,0
DA:20,0
DA:22,1
DA:23,4
DA:25,1
LF:7
LH:4
end_of_record
SF:lib/weather_list/models/weather_details.g.dart
DA:9,0
DA:10,0
DA:11,0
DA:12,0
DA:13,0
DA:14,0
DA:17,0
DA:18,0
DA:19,0
DA:20,0
DA:21,0
LF:11
LH:0
end_of_record
SF:lib/weather_list/models/weather_response.dart
DA:16,2
DA:18,0
DA:19,0
DA:20,0
LF:4
LH:1
end_of_record
SF:lib/weather_list/models/weather_response.g.dart
DA:9,0
DA:10,0
DA:11,0
DA:12,0
DA:13,0
DA:14,0
DA:15,0
DA:16,0
DA:17,0
DA:19,0
DA:22,0
DA:23,0
DA:24,0
DA:25,0
DA:26,0
DA:27,0
DA:28,0
LF:17
LH:0
end_of_record
SF:lib/core/extensions/date_extension.dart
DA:4,3
DA:5,6
LF:2
LH:2
end_of_record
SF:lib/core/extensions/int_extension.dart
DA:2,3
DA:3,6
LF:2
LH:2
end_of_record
SF:lib/weather_list/models/city.dart
DA:13,0
DA:15,0
DA:16,0
LF:3
LH:0
end_of_record
SF:lib/weather_list/models/city.g.dart
DA:9,0
DA:10,0
DA:11,0
DA:12,0
DA:14,0
DA:17,0
DA:18,0
DA:19,0
DA:20,0
LF:9
LH:0
end_of_record
SF:lib/weather_list/models/coord.dart
DA:10,0
DA:12,0
DA:13,0
LF:3
LH:0
end_of_record
SF:lib/weather_list/models/coord.g.dart
DA:9,0
DA:10,0
DA:11,0
DA:14,0
DA:15,0
DA:16,0
LF:6
LH:0
end_of_record
SF:lib/weather_list/page/weather_list_page.dart
DA:12,1
DA:14,1
DA:19,1
DA:20,4
DA:21,1
DA:22,1
DA:23,1
DA:25,2
DA:30,1
DA:31,1
DA:32,2
DA:35,1
DA:37,1
DA:38,1
DA:39,0
DA:40,0
DA:41,0
DA:42,0
DA:44,0
DA:45,0
DA:52,0
DA:56,0
DA:67,0
DA:68,0
DA:70,0
DA:73,0
DA:74,0
DA:75,0
DA:76,0
DA:77,0
DA:78,0
DA:79,0
DA:82,0
LF:33
LH:14
end_of_record
SF:lib/core/extensions/temp_extension.dart
DA:2,4
LF:1
LH:1
end_of_record
SF:lib/weather_list/widgets/weather_item.dart
DA:12,1
DA:15,1
DA:17,1
DA:18,1
DA:19,1
DA:20,1
DA:21,4
DA:26,3
DA:31,2
LF:9
LH:9
end_of_record
SF:lib/weather_list/widgets/weather_icon.dart
DA:6,0
DA:8,0
DA:11,0
DA:14,0
LF:4
LH:0
end_of_record
SF:lib/login/bloc/login_cubit.dart
DA:7,4
DA:9,1
DA:10,4
DA:14,1
DA:15,1
DA:16,3
LF:6
LH:6
end_of_record
SF:lib/login/page/login_page.dart
DA:10,1
DA:12,1
DA:13,1
DA:21,0
DA:23,1
DA:25,1
DA:26,2
DA:27,2
DA:30,1
DA:32,1
DA:33,2
DA:34,2
DA:37,1
DA:38,1
DA:39,2
DA:40,1
DA:41,0
DA:42,0
DA:48,0
DA:49,0
DA:50,0
DA:52,1
DA:53,2
DA:57,1
DA:58,1
DA:60,1
DA:62,0
DA:63,0
DA:64,0
DA:65,0
DA:66,0
DA:71,1
DA:72,1
DA:74,1
DA:75,1
DA:78,1
DA:80,1
DA:81,1
DA:83,1
DA:84,1
DA:85,1
DA:108,0
DA:109,0
DA:114,1
DA:115,1
DA:139,0
DA:140,0
LF:47
LH:32
end_of_record
SF:lib/login/widgets/login_button.dart
DA:6,2
DA:8,2
DA:10,2
DA:11,2
DA:12,2
DA:20,2
DA:22,2
DA:23,2
DA:24,2
LF:9
LH:9
end_of_record
